This is pdfTeX, Version 3.1415926-2.5-1.40.14 (TeX Live 2013/Debian) (format=latex 2015.7.7)  15 SEP 2015 22:00
entering extended mode
 restricted \write18 enabled.
 %&-line parsing enabled.
**title.tex
(./title.tex
LaTeX2e <2011/06/27>
Babel <3.9h> and hyphenation patterns for 43 languages loaded.
! Undefined control sequence.
l.7 \maketitle
              
? 
)
*
(Please type a command or say `\end')
*
(Please type a command or say `\end')
*
(Please type a command or say `\end')
*
(Please type a command or say `\end')
*
(Please type a command or say `\end')
*
(Please type a command or say `\end')
*
(Please type a command or say `\end')
*
(Please type a command or say `\end')
*
(Please type a command or say `\end')
*
(Please type a command or say `\end')
*
! Interruption.
<*> 
    
? 
(Please type a command or say `\end')
*
! Interruption.
<*> 
    
? C
Type <return> to proceed, S to scroll future error messages,
R to run without stopping, Q to run quietly,
I to insert something, 
H for help, X to quit.
? ^^X
Type <return> to proceed, S to scroll future error messages,
R to run without stopping, Q to run quietly,
I to insert something, 
H for help, X to quit.
? X
 
Here is how much of TeX's memory you used:
 4 strings out of 493835
 120 string characters out of 6154345
 49140 words of memory out of 5000000
 3387 multiletter control sequences out of 15000+600000
 3640 words of font info for 14 fonts, out of 8000000 for 9000
 798 hyphenation exceptions out of 8191
 5i,0n,1p,69b,8s stack positions out of 5000i,500n,10000p,200000b,80000s
No pages of output.
